<?xml version="1.0" encoding="UTF-8"?>
<testng-results skipped="0" failed="0" total="1" passed="1">
  <reporter-output>
  </reporter-output>
  <suite name="Command line suite" duration-ms="12679" started-at="2013-01-27T00:18:09Z" finished-at="2013-01-27T00:18:22Z">
    <groups>
    </groups>
    <test name="Command line test" duration-ms="12679" started-at="2013-01-27T00:18:09Z" finished-at="2013-01-27T00:18:22Z">
      <class name="com.lazerycode.selenium.Tests.Selenium2ExampleST">
        <test-method status="PASS" signature="setUpTest()[pri:0, instance:com.lazerycode.selenium.Tests.Selenium2ExampleST@3304e92a]" name="setUpTest" is-config="true" duration-ms="8" started-at="2013-01-27T01:18:09Z" finished-at="2013-01-27T01:18:09Z">
          <reporter-output>
          </reporter-output>
        </test-method> <!-- setUpTest -->
        <test-method status="PASS" signature="googleCheeseExample()[pri:0, instance:com.lazerycode.selenium.Tests.Selenium2ExampleST@3304e92a]" name="googleCheeseExample" duration-ms="12668" started-at="2013-01-27T01:18:09Z" finished-at="2013-01-27T01:18:22Z">
          <reporter-output>
          </reporter-output>
        </test-method> <!-- googleCheeseExample -->
        <test-method status="PASS" signature="tearDown()[pri:0, instance:com.lazerycode.selenium.Tests.Selenium2ExampleST@3304e92a]" name="tearDown" is-config="true" duration-ms="1" started-at="2013-01-27T01:18:22Z" finished-at="2013-01-27T01:18:22Z">
          <reporter-output>
          </reporter-output>
        </test-method> <!-- tearDown -->
      </class> <!-- com.lazerycode.selenium.Tests.Selenium2ExampleST -->
    </test> <!-- Command line test -->
  </suite> <!-- Command line suite -->
</testng-results>
