<?xml version="1.0" encoding="UTF-8"?>
<testng-results skipped="0" failed="0" total="1" passed="1">
  <reporter-output>
  </reporter-output>
  <suite name="Default suite" duration-ms="16484" started-at="2013-01-26T13:00:16Z" finished-at="2013-01-26T13:00:32Z">
    <groups>
    </groups>
    <test name="Default test" duration-ms="16484" started-at="2013-01-26T13:00:16Z" finished-at="2013-01-26T13:00:32Z">
      <class name="com.lazerycode.selenium.Tests.Selenium2ExampleST">
        <test-method status="PASS" signature="setUpTest()[pri:0, instance:com.lazerycode.selenium.Tests.Selenium2ExampleST@c19af16]" name="setUpTest" is-config="true" duration-ms="19" started-at="2013-01-26T14:00:16Z" finished-at="2013-01-26T14:00:16Z">
          <reporter-output>
          </reporter-output>
        </test-method> <!-- setUpTest -->
        <test-method status="PASS" signature="googleCheeseExample()[pri:0, instance:com.lazerycode.selenium.Tests.Selenium2ExampleST@c19af16]" name="googleCheeseExample" duration-ms="16453" started-at="2013-01-26T14:00:16Z" finished-at="2013-01-26T14:00:32Z">
          <reporter-output>
          </reporter-output>
        </test-method> <!-- googleCheeseExample -->
        <test-method status="PASS" signature="tearDown()[pri:0, instance:com.lazerycode.selenium.Tests.Selenium2ExampleST@c19af16]" name="tearDown" is-config="true" duration-ms="0" started-at="2013-01-26T14:00:32Z" finished-at="2013-01-26T14:00:32Z">
          <reporter-output>
          </reporter-output>
        </test-method> <!-- tearDown -->
      </class> <!-- com.lazerycode.selenium.Tests.Selenium2ExampleST -->
    </test> <!-- Default test -->
  </suite> <!-- Default suite -->
</testng-results>
